<?xml version="1.0" encoding="UTF-8"?>
<!-- Generated by org.testng.reporters.JUnitXMLReporter -->
<testsuite ignored="2" hostname="ABHISHEK" failures="0" tests="6" name="TestRunner-Chrome" time="77.153" errors="0" timestamp="2024-08-08T15:48:57 IST">
  <testcase classname="com.comcast.crm.contacttest.CreateContactTest" name="CreateAContactWithSupportDateTest" time="8.136"/>
  <testcase classname="com.comcast.crm.contacttest.CreateContactTest" name="createContactTest" time="6.911"/>
  <testcase classname="com.comcast.crm.contacttest.CreateContactTest" name="createContactWithOrgTest" time="14.549"/>
  <testcase classname="com.comcast.crm.orgtest.CreateOrganizationTest" name="CreateOrgTest" time="7.803"/>
  <testcase classname="com.comcast.crm.orgtest.CreateOrganizationTest" name="CreateOrganizationWithIndustriesTest" time="8.106"/>
  <testcase classname="com.comcast.crm.orgtest.CreateOrganizationTest" name="CreateOrganizationWithPhoneNumber" time="8.066"/>
  <testcase classname="com.comcast.crm.basetest.BaseClass" name="@BeforeSuite configBS" time="0.0">
    <ignored/>
  </testcase> <!-- @BeforeSuite configBS -->
  <testcase classname="com.comcast.crm.basetest.BaseClass" name="@AfterSuite configAS" time="0.0">
    <ignored/>
  </testcase> <!-- @AfterSuite configAS -->
</testsuite> <!-- TestRunner-Chrome -->
