<?xml version="1.0" encoding="UTF-8"?>
<!-- Generated by org.testng.reporters.JUnitXMLReporter -->
<testsuite ignored="2" hostname="ABHISHEK" failures="0" tests="6" name="TestRunner-Edge" time="77.433" errors="0" timestamp="2024-08-08T15:48:57 IST">
  <testcase classname="com.comcast.crm.contacttest.CreateContactTest" name="CreateAContactWithSupportDateTest" time="8.532"/>
  <testcase classname="com.comcast.crm.contacttest.CreateContactTest" name="createContactTest" time="7.333"/>
  <testcase classname="com.comcast.crm.contacttest.CreateContactTest" name="createContactWithOrgTest" time="14.633"/>
  <testcase classname="com.comcast.crm.orgtest.CreateOrganizationTest" name="CreateOrgTest" time="7.502"/>
  <testcase classname="com.comcast.crm.orgtest.CreateOrganizationTest" name="CreateOrganizationWithIndustriesTest" time="7.818"/>
  <testcase classname="com.comcast.crm.orgtest.CreateOrganizationTest" name="CreateOrganizationWithPhoneNumber" time="8.049"/>
  <testcase classname="com.comcast.crm.basetest.BaseClass" name="@BeforeSuite configBS" time="0.0">
    <ignored/>
  </testcase> <!-- @BeforeSuite configBS -->
  <testcase classname="com.comcast.crm.basetest.BaseClass" name="@AfterSuite configAS" time="0.0">
    <ignored/>
  </testcase> <!-- @AfterSuite configAS -->
</testsuite> <!-- TestRunner-Edge -->
