<?xml version="1.0" encoding="UTF-8"?>
<!-- Generated by org.testng.reporters.JUnitXMLReporter -->
<testsuite ignored="6" hostname="ABHISHEK" failures="0" tests="0" time="0.02" errors="0" timestamp="2024-08-15T22:38:46 IST">
  <testcase classname="com.comcast.crm.orgtest.CreateOrganizationTest" name="CreateOrganizationWithIndustriesTest" time="0.0">
    <ignored/>
  </testcase> <!-- CreateOrganizationWithIndustriesTest -->
  <testcase classname="com.comcast.crm.orgtest.CreateOrganizationTest" name="CreateOrganizationWithPhoneNumber" time="0.0">
    <ignored/>
  </testcase> <!-- CreateOrganizationWithPhoneNumber -->
  <testcase classname="com.comcast.crm.contacttest.CreateContactTest" name="CreateAContactWithSupportDateTest" time="0.0">
    <ignored/>
  </testcase> <!-- CreateAContactWithSupportDateTest -->
  <testcase classname="com.comcast.crm.contacttest.CreateContactTest" name="createContactTest" time="0.0">
    <ignored/>
  </testcase> <!-- createContactTest -->
  <testcase classname="com.comcast.crm.orgtest.CreateOrganizationTest" name="CreateOrgTest" time="0.0">
    <ignored/>
  </testcase> <!-- CreateOrgTest -->
  <testcase classname="com.comcast.crm.contacttest.CreateContactTest" name="createContactWithOrgTest" time="0.0">
    <ignored/>
  </testcase> <!-- createContactWithOrgTest -->
</testsuite>
