<?xml version="1.0" encoding="UTF-8"?>
<!-- Generated by org.testng.reporters.JUnitXMLReporter -->
<testsuite ignored="2" hostname="ABHISHEK" failures="0" tests="1" name="Default test" time="53.422" errors="0" timestamp="2024-08-21T16:28:02 IST">
  <testcase classname="com.comcast.crm.orgtest.CreateOrganizationTest" name="CreateOrganizationWithPhoneNumber" time="48.067"/>
  <testcase classname="com.comcast.crm.orgtest.CreateOrganizationTest" name="createOrgTest" time="0.0">
    <ignored/>
  </testcase> <!-- createOrgTest -->
  <testcase classname="com.comcast.crm.orgtest.CreateOrganizationTest" name="CreateOrganizationWithIndustriesTest" time="0.0">
    <ignored/>
  </testcase> <!-- CreateOrganizationWithIndustriesTest -->
</testsuite> <!-- Default test -->
