<?xml version="1.0" encoding="UTF-8"?>
<testng-results ignored="0" total="1" passed="1" failed="0" skipped="0">
  <reporter-output>
  </reporter-output>
  <suite started-at="2024-08-21T16:27:09 IST" name="Default suite" finished-at="2024-08-21T16:28:02 IST" duration-ms="53422">
    <groups>
      <group name="regressionTest">
        <method signature="CreateOrganizationTest.CreateOrganizationWithPhoneNumber()[pri:0, instance:com.comcast.crm.orgtest.CreateOrganizationTest@5f049ea1]" name="CreateOrganizationWithPhoneNumber" class="com.comcast.crm.orgtest.CreateOrganizationTest"/>
      </group> <!-- regressionTest -->
    </groups>
    <test started-at="2024-08-21T16:27:09 IST" name="Default test" finished-at="2024-08-21T16:28:02 IST" duration-ms="53422">
      <class name="com.comcast.crm.orgtest.CreateOrganizationTest">
        <test-method is-config="true" signature="configBS()[pri:0, instance:com.comcast.crm.orgtest.CreateOrganizationTest@5f049ea1]" started-at="2024-08-21T16:27:08 IST" name="configBS" finished-at="2024-08-21T16:27:09 IST" duration-ms="172" status="PASS">
          <reporter-output>
          </reporter-output>
        </test-method> <!-- configBS -->
        <test-method is-config="true" signature="configBC()[pri:0, instance:com.comcast.crm.orgtest.CreateOrganizationTest@5f049ea1]" started-at="2024-08-21T16:27:09 IST" name="configBC" finished-at="2024-08-21T16:27:10 IST" duration-ms="1425" status="PASS">
          <reporter-output>
          </reporter-output>
        </test-method> <!-- configBC -->
        <test-method is-config="true" signature="configBM()[pri:0, instance:com.comcast.crm.orgtest.CreateOrganizationTest@5f049ea1]" started-at="2024-08-21T16:27:10 IST" name="configBM" finished-at="2024-08-21T16:27:12 IST" duration-ms="2285" status="PASS">
          <reporter-output>
          </reporter-output>
        </test-method> <!-- configBM -->
        <test-method signature="CreateOrganizationWithPhoneNumber()[pri:0, instance:com.comcast.crm.orgtest.CreateOrganizationTest@5f049ea1]" started-at="2024-08-21T16:27:12 IST" name="CreateOrganizationWithPhoneNumber" finished-at="2024-08-21T16:28:00 IST" duration-ms="48067" status="PASS">
          <reporter-output>
          </reporter-output>
        </test-method> <!-- CreateOrganizationWithPhoneNumber -->
        <test-method is-config="true" signature="configAfterMethod()[pri:0, instance:com.comcast.crm.orgtest.CreateOrganizationTest@5f049ea1]" started-at="2024-08-21T16:28:00 IST" name="configAfterMethod" finished-at="2024-08-21T16:28:02 IST" duration-ms="1384" status="PASS">
          <reporter-output>
          </reporter-output>
        </test-method> <!-- configAfterMethod -->
        <test-method is-config="true" signature="configAC()[pri:0, instance:com.comcast.crm.orgtest.CreateOrganizationTest@5f049ea1]" started-at="2024-08-21T16:28:02 IST" name="configAC" finished-at="2024-08-21T16:28:02 IST" duration-ms="217" status="PASS">
          <reporter-output>
          </reporter-output>
        </test-method> <!-- configAC -->
        <test-method is-config="true" signature="configAS()[pri:0, instance:com.comcast.crm.orgtest.CreateOrganizationTest@5f049ea1]" started-at="2024-08-21T16:28:02 IST" name="configAS" finished-at="2024-08-21T16:28:02 IST" duration-ms="9" status="PASS">
          <reporter-output>
          </reporter-output>
        </test-method> <!-- configAS -->
      </class> <!-- com.comcast.crm.orgtest.CreateOrganizationTest -->
    </test> <!-- Default test -->
  </suite> <!-- Default suite -->
</testng-results>
